[14:22:45][liftinstall][INFO] yuzu installer
[14:22:45][liftinstall][INFO] Starting fresh install
[14:22:45][liftinstall::frontend::rest::server][INFO] Spawning server instance @ V6([::1]:52174)
[14:22:45][liftinstall::frontend::rest::server][INFO] Spawning server instance @ V4(127.0.0.1:52174)
[14:22:45][liftinstall::frontend::ui][INFO] Spawning web view instance
[14:22:46][liftinstall::frontend::js][INFO] Making HTTP request to /api/dark-mode
[14:22:46][liftinstall::frontend::js][INFO] Making HTTP request to /api/installation-status
[14:22:46][liftinstall::frontend::js][INFO] Vue started
[14:22:46][liftinstall::frontend::js][INFO] Making HTTP request to /api/config
[14:22:46][liftinstall::frontend::rest::services::config][INFO] Downloading configuration from "https://raw.githubusercontent.com/yuzu-emu/liftinstall/master/config.windows.v10.toml"...
[14:22:46][liftinstall::frontend::rest::services::config][INFO] Configuration file downloaded successfully.
[14:22:46][liftinstall::frontend::js][INFO] Making HTTP request to /api/check-auth
[14:22:46][liftinstall::frontend::rest::services::authentication][INFO] No passed in credential and no stored credentials to validate
[14:22:46][liftinstall::frontend::js][INFO] Making HTTP request to /api/default-path
[14:22:46][liftinstall::frontend::js][INFO] Next stop: "/packages"
[14:22:49][liftinstall::frontend::js][INFO] Installer kind: regular
[14:22:49][liftinstall::frontend::js][INFO] Installing desktop shortcut: true
[14:22:49][liftinstall::frontend::js][INFO] Making streaming HTTP request to /api/start-install
[14:22:49][liftinstall::frontend::rest::services::install][INFO] Found installDesktopShortcut "true"
[14:22:49][liftinstall::installer][INFO] Framework: Installing ["yuzu"] to "C:\\Users\\vince\\AppData\\Local\\yuzu"
[14:22:49][liftinstall::installer][INFO] Dependency tree:
InstallTask
├── Pre EnsureOnlyInstanceTask
├── Pre VerifyInstallDirTask (with clean-install = true)
├── Pre InstallPackageTask (for "yuzu")
│   ├── Pre DownloadPackageTask (for "yuzu")
│   │   └── Pre CheckAuthorizationTask (for "yuzu")
│   │       └── Pre ResolvePackageTask (for "yuzu")
│   ├── Pre UninstallPackageTask (for "yuzu", optional = true)
│   │   ├── Pre UninstallShortcutsTask (for "yuzu", optional = true)
│   │   └── Post SaveDatabaseTask
│   ├── Post InstallShortcutsTask (for "yuzu")
│   ├── Post InstallDesktopShortcutTask (for "yuzu", should_run = true)
│   └── Post SaveDatabaseTask
├── Pre SaveExecutableTask
├── Pre InstallGlobalShortcutsTask
│   └── Post SaveDatabaseTask
└── Post LaunchOnExitTask
[14:22:49][liftinstall::tasks::resolver][INFO] Selected file: File { name: "yuzu-windows-msvc-20211117-79c79e1f2.tar.xz", url: "https://github.com/yuzu-emu/yuzu-mainline/releases/download/mainline-0-813/yuzu-windows-msvc-20211117-79c79e1f2.tar.xz", requires_authorization: false }
[14:24:24][liftinstall::tasks::install_pkg][INFO] Creating dir: "yuzu-windows-msvc"
[14:24:24][liftinstall::tasks::install_pkg][INFO] Creating file: "yuzu-windows-msvc/avcodec-58.dll"
[14:24:24][liftinstall::tasks::install_pkg][INFO] Creating file: "yuzu-windows-msvc/avutil-56.dll"
[14:24:24][liftinstall::tasks::install_pkg][INFO] Creating file: "yuzu-windows-msvc/icudtl.dat"
[14:24:24][liftinstall::tasks::install_pkg][INFO] Creating file: "yuzu-windows-msvc/libwinpthread-1.dll"
[14:24:24][liftinstall::tasks::install_pkg][INFO] Creating dir: "yuzu-windows-msvc/plugins/imageformats"
[14:24:24][liftinstall::tasks::install_pkg][INFO] Creating dir: "yuzu-windows-msvc/plugins"
[14:24:24][liftinstall::tasks::install_pkg][INFO] Creating file: "yuzu-windows-msvc/plugins/imageformats/qgif.dll"
[14:24:24][liftinstall::tasks::install_pkg][INFO] Creating file: "yuzu-windows-msvc/plugins/imageformats/qjpeg.dll"
[14:24:24][liftinstall::tasks::install_pkg][INFO] Creating dir: "yuzu-windows-msvc/plugins/platforms"
[14:24:24][liftinstall::tasks::install_pkg][INFO] Creating file: "yuzu-windows-msvc/plugins/platforms/qwindows.dll"
[14:24:24][liftinstall::tasks::install_pkg][INFO] Creating dir: "yuzu-windows-msvc/plugins/styles"
[14:24:24][liftinstall::tasks::install_pkg][INFO] Creating file: "yuzu-windows-msvc/plugins/styles/qwindowsvistastyle.dll"
[14:24:24][liftinstall::tasks::install_pkg][INFO] Creating file: "yuzu-windows-msvc/qt.conf"
[14:24:24][liftinstall::tasks::install_pkg][INFO] Creating file: "yuzu-windows-msvc/Qt5Core.dll"
[14:24:24][liftinstall::tasks::install_pkg][INFO] Creating file: "yuzu-windows-msvc/Qt5Gui.dll"
[14:24:24][liftinstall::tasks::install_pkg][INFO] Creating file: "yuzu-windows-msvc/Qt5Network.dll"
[14:24:24][liftinstall::tasks::install_pkg][INFO] Creating file: "yuzu-windows-msvc/Qt5Positioning.dll"
[14:24:24][liftinstall::tasks::install_pkg][INFO] Creating file: "yuzu-windows-msvc/Qt5PrintSupport.dll"
[14:24:24][liftinstall::tasks::install_pkg][INFO] Creating file: "yuzu-windows-msvc/Qt5Qml.dll"
[14:24:24][liftinstall::tasks::install_pkg][INFO] Creating file: "yuzu-windows-msvc/Qt5QmlModels.dll"
[14:24:24][liftinstall::tasks::install_pkg][INFO] Creating file: "yuzu-windows-msvc/Qt5Quick.dll"
[14:24:24][liftinstall::tasks::install_pkg][INFO] Creating file: "yuzu-windows-msvc/Qt5QuickWidgets.dll"
[14:24:24][liftinstall::tasks::install_pkg][INFO] Creating file: "yuzu-windows-msvc/Qt5WebChannel.dll"
[14:24:24][liftinstall::tasks::install_pkg][INFO] Creating file: "yuzu-windows-msvc/Qt5WebEngine.dll"
[14:24:24][liftinstall::tasks::install_pkg][INFO] Creating file: "yuzu-windows-msvc/Qt5WebEngineCore.dll"
[14:24:24][liftinstall::tasks::install_pkg][INFO] Creating file: "yuzu-windows-msvc/Qt5WebEngineWidgets.dll"
[14:24:24][liftinstall::tasks::install_pkg][INFO] Creating file: "yuzu-windows-msvc/Qt5Widgets.dll"
[14:24:25][liftinstall::tasks::install_pkg][INFO] Creating file: "yuzu-windows-msvc/QtWebEngineProcess.exe"
[14:24:25][liftinstall::tasks::install_pkg][INFO] Creating file: "yuzu-windows-msvc/qtwebengine_devtools_resources.pak"
[14:24:25][liftinstall::tasks::install_pkg][INFO] Creating file: "yuzu-windows-msvc/qtwebengine_resources.pak"
[14:24:25][liftinstall::tasks::install_pkg][INFO] Creating file: "yuzu-windows-msvc/qtwebengine_resources_100p.pak"
[14:24:25][liftinstall::tasks::install_pkg][INFO] Creating file: "yuzu-windows-msvc/qtwebengine_resources_200p.pak"
[14:24:25][liftinstall::tasks::install_pkg][INFO] Creating file: "yuzu-windows-msvc/SDL2.dll"
[14:24:25][liftinstall::tasks::install_pkg][INFO] Creating file: "yuzu-windows-msvc/swscale-5.dll"
[14:24:25][liftinstall::tasks::install_pkg][INFO] Creating file: "yuzu-windows-msvc/yuzu-cmd.exe"
[14:24:25][liftinstall::tasks::install_pkg][INFO] Creating file: "yuzu-windows-msvc/yuzu-windows-msvc-source-20211117-79c79e1f2.tar.xz"
[14:24:25][liftinstall::tasks::install_pkg][INFO] Creating file: "yuzu-windows-msvc/yuzu.exe"
[14:24:25][liftinstall::native::natives][INFO] Generating shortcut @ "C:\\Users\\vince\\AppData\\Roaming\\Microsoft\\Windows\\Start Menu\\Programs\\yuzu.lnk"
[14:24:25][liftinstall::native::natives][INFO] Generating shortcut @ "C:\\Users\\vince\\Desktop\\yuzu.lnk"
[14:24:25][liftinstall::native::natives][INFO] Generating shortcut @ "C:\\Users\\vince\\AppData\\Roaming\\Microsoft\\Windows\\Start Menu\\Programs\\yuzu Maintenance Tool.lnk"
[14:24:40][liftinstall::frontend::js][INFO] Making HTTP request to /api/exit
[14:24:40][liftinstall::installer][INFO] Shutting down installer framework...
[14:24:40][liftinstall::installer][INFO] Launching "C:\\Users\\vince\\AppData\\Local\\yuzu\\yuzu-windows-msvc/yuzu.exe"
